<?xml version="1.0" encoding="UTF-8"?>
<testng-results total="1" passed="1" failed="0" skipped="0">
  <reporter-output>
  </reporter-output>
  <suite started-at="2025-02-13T19:42:13Z" name="TestSuite" finished-at="2025-02-13T19:42:14Z" duration-ms="1587">
    <groups>
    </groups>
    <test started-at="2025-02-13T19:42:13Z" name="LoginTest" finished-at="2025-02-13T19:42:14Z" duration-ms="1587">
      <class name="FrameWrokTesting.APITesting.responseValidation">
        <test-method signature="checkCourse()[pri:0, instance:FrameWrokTesting.APITesting.responseValidation@2049a9c1]" started-at="2025-02-14T01:12:13Z" name="checkCourse" finished-at="2025-02-14T01:12:14Z" duration-ms="1564" status="PASS">
          <reporter-output>
          </reporter-output>
        </test-method> <!-- checkCourse -->
      </class> <!-- FrameWrokTesting.APITesting.responseValidation -->
    </test> <!-- LoginTest -->
  </suite> <!-- TestSuite -->
</testng-results>
